Build started 8/7/2015 9:11:23 PM.
     1>Project "c:\Users\Drew\documents\visual studio 2013\Projects\TheHamster\TheHamster\TheHamster.vcxproj" on node 2 (Build target(s)).
     1>ClCompile:
         C:\Program Files (x86)\Microsoft Visual Studio 12.0\VC\bin\CL.exe /c /IC:\opencv\build\include /ZI /nologo /W3 /WX- /sdl /Od /Oy- /D _MBCS /Gm /EHsc /RTC1 /MDd /GS /fp:precise /Zc:wchar_t /Zc:forScope /Fo"Debug\\" /Fd"Debug\vc120.pdb" /Gd /TP /analyze- /errorReport:prompt main.cpp
         main.cpp
     1>c:\users\drew\documents\visual studio 2013\projects\thehamster\thehamster\locator.h(149): warning C4244: 'initializing' : conversion from 'double' to 'int', possible loss of data
     1>c:\users\drew\documents\visual studio 2013\projects\thehamster\thehamster\locator.h(150): warning C4244: 'initializing' : conversion from 'double' to 'int', possible loss of data
     1>c:\users\drew\documents\visual studio 2013\projects\thehamster\thehamster\main.cpp(158): warning C4244: '=' : conversion from 'double' to 'float', possible loss of data
     1>c:\users\drew\documents\visual studio 2013\projects\thehamster\thehamster\main.cpp(159): warning C4244: '=' : conversion from 'double' to 'float', possible loss of data
     1>c:\users\drew\documents\visual studio 2013\projects\thehamster\thehamster\main.cpp(160): warning C4244: '=' : conversion from 'double' to 'float', possible loss of data
     1>c:\users\drew\documents\visual studio 2013\projects\thehamster\thehamster\main.cpp(162): warning C4244: 'initializing' : conversion from 'double' to 'GLfloat', possible loss of data
     1>c:\users\drew\documents\visual studio 2013\projects\thehamster\thehamster\main.cpp(258): warning C4244: '=' : conversion from 'double' to 'GLfloat', possible loss of data
     1>c:\users\drew\documents\visual studio 2013\projects\thehamster\thehamster\main.cpp(259): warning C4244: '=' : conversion from 'double' to 'GLfloat', possible loss of data
     1>c:\users\drew\documents\visual studio 2013\projects\thehamster\thehamster\main.cpp(263): warning C4244: 'initializing' : conversion from 'double' to 'GLfloat', possible loss of data
     1>c:\users\drew\documents\visual studio 2013\projects\thehamster\thehamster\main.cpp(264): warning C4244: 'initializing' : conversion from 'double' to 'GLfloat', possible loss of data
     1>c:\users\drew\documents\visual studio 2013\projects\thehamster\thehamster\main.cpp(266): warning C4244: '=' : conversion from 'double' to 'GLfloat', possible loss of data
     1>c:\users\drew\documents\visual studio 2013\projects\thehamster\thehamster\main.cpp(267): warning C4244: '=' : conversion from 'double' to 'GLfloat', possible loss of data
     1>c:\users\drew\documents\visual studio 2013\projects\thehamster\thehamster\main.cpp(274): warning C4244: 'argument' : conversion from 'double' to 'GLfloat', possible loss of data
       Link:
         C:\Program Files (x86)\Microsoft Visual Studio 12.0\VC\bin\link.exe /ERRORREPORT:PROMPT /OUT:"c:\users\drew\documents\visual studio 2013\Projects\TheHamster\Debug\TheHamster.exe" /INCREMENTAL /NOLOGO /LIBPATH:C:\opencv\build\x86\vc12\lib opencv_world300.lib opencv_ts300.lib glfw3.lib glew32s.lib OpenGL32.lib kernel32.lib user32.lib gdi32.lib winspool.lib comdlg32.lib advapi32.lib shell32.lib ole32.lib oleaut32.lib uuid.lib odbc32.lib odbccp32.lib /MANIFEST /MANIFESTUAC:"level='asInvoker' uiAccess='false'" /manifest:embed /DEBUG /PDB:"c:\users\drew\documents\visual studio 2013\Projects\TheHamster\Debug\TheHamster.pdb" /TLBID:1 /DYNAMICBASE /NXCOMPAT /IMPLIB:"c:\users\drew\documents\visual studio 2013\Projects\TheHamster\Debug\TheHamster.lib" /MACHINE:X86 Debug\main.obj
         TheHamster.vcxproj -> c:\users\drew\documents\visual studio 2013\Projects\TheHamster\Debug\TheHamster.exe
     1>Done Building Project "c:\Users\Drew\documents\visual studio 2013\Projects\TheHamster\TheHamster\TheHamster.vcxproj" (Build target(s)).

Build succeeded.

Time Elapsed 00:00:01.84
